This is pdfTeX, Version 3.1415926-2.6-1.40.14 (TeX Live 2014/dev) (format=pdflatex 2015.3.4)  8 MAY 2015 10:32
entering extended mode
 restricted \write18 enabled.
 %&-line parsing enabled.
**end-of-year_report.tex
(./end-of-year_report.tex
LaTeX2e <2011/06/27>
Babel <3.9h> and hyphenation patterns for 2 languages loaded.
(/usr/share/texlive/texmf-dist/tex/latex/base/report.cls
Document Class: report 2007/10/19 v1.4h Standard LaTeX document class
(/usr/share/texlive/texmf-dist/tex/latex/base/size12.clo
File: size12.clo 2007/10/19 v1.4h Standard LaTeX file (size option)
)
\c@part=\count79
\c@chapter=\count80
\c@section=\count81
\c@subsection=\count82
\c@subsubsection=\count83
\c@paragraph=\count84
\c@subparagraph=\count85
\c@figure=\count86
\c@table=\count87
\abovecaptionskip=\skip41
\belowcaptionskip=\skip42
\bibindent=\dimen102
)
(/usr/share/texlive/texmf-dist/tex/latex/titling/titling.sty
Package: titling 2009/09/04 v2.1d maketitle typesetting
\thanksmarkwidth=\skip43
\thanksmargin=\skip44
\droptitle=\skip45
)
(/usr/share/texlive/texmf-dist/tex/latex/fancyhdr/fancyhdr.sty
\fancy@headwidth=\skip46
\f@ncyO@elh=\skip47
\f@ncyO@erh=\skip48
\f@ncyO@olh=\skip49
\f@ncyO@orh=\skip50
\f@ncyO@elf=\skip51
\f@ncyO@erf=\skip52
\f@ncyO@olf=\skip53
\f@ncyO@orf=\skip54
)
(./end-of-year_report.aux (./chapters/introduction/introduction.aux)
(./chapters/neural_models/neural_models.aux)
(./chapters/retinal_models/retinal_models.aux)
(./chapters/neuromorphic_hardware/neuromorphic_hardware.aux)
(./chapters/rank_ordered_images/rank_ordered_images.aux)
(./chapters/conclusions/conclusions.aux))
\openout1 = `end-of-year_report.aux'.

LaTeX Font Info:    Checking defaults for OML/cmm/m/it on input line 29.
LaTeX Font Info:    ... okay on input line 29.
LaTeX Font Info:    Checking defaults for T1/cmr/m/n on input line 29.
LaTeX Font Info:    ... okay on input line 29.
LaTeX Font Info:    Checking defaults for OT1/cmr/m/n on input line 29.
LaTeX Font Info:    ... okay on input line 29.
LaTeX Font Info:    Checking defaults for OMS/cmsy/m/n on input line 29.
LaTeX Font Info:    ... okay on input line 29.
LaTeX Font Info:    Checking defaults for OMX/cmex/m/n on input line 29.
LaTeX Font Info:    ... okay on input line 29.
LaTeX Font Info:    Checking defaults for U/cmr/m/n on input line 29.
LaTeX Font Info:    ... okay on input line 29.
LaTeX Font Info:    External font `cmex10' loaded for size
(Font)              <14.4> on input line 33.
LaTeX Font Info:    External font `cmex10' loaded for size
(Font)              <7> on input line 33.
 [1

{/usr/share/texlive/texmf-dist/fonts/map/pdftex/updmap/pdftex.map}] (./end-of-y
ear_report.toc
LaTeX Font Info:    External font `cmex10' loaded for size
(Font)              <12> on input line 2.
LaTeX Font Info:    External font `cmex10' loaded for size
(Font)              <8> on input line 2.
LaTeX Font Info:    External font `cmex10' loaded for size
(Font)              <6> on input line 2.
 [2

])
\tf@toc=\write3
\openout3 = `end-of-year_report.toc'.

 [3]
Chapter 1.
[4

]
\openout2 = `./chapters/introduction/introduction.aux'.

 (./chapters/introduction/introduction.tex) [5

]
Chapter 2.
[6


]
\openout2 = `./chapters/neural_models/neural_models.aux'.

 (./chapters/neural_models/neural_models.tex) [7

]
Chapter 3.
[8


]
\openout2 = `./chapters/retinal_models/retinal_models.aux'.

 (./chapters/retinal_models/retinal_models.tex) [9

]
Chapter 4.
[10


]
\openout2 = `./chapters/neuromorphic_hardware/neuromorphic_hardware.aux'.

 (./chapters/neuromorphic_hardware/neuromorphic_hardware.tex) [11

]
Chapter 5.
[12


]
\openout2 = `./chapters/rank_ordered_images/rank_ordered_images.aux'.

 (./chapters/rank_ordered_images/rank_ordered_images.tex) [13

]
Chapter 6.
[14


]
\openout2 = `./chapters/conclusions/conclusions.aux'.

 (./chapters/conclusions/conclusions.tex) [15

] (./end-of-year_report.bbl

LaTeX Warning: Empty `thebibliography' environment on input line 3.

) [16


] (./end-of-year_report.aux (./chapters/introduction/introduction.aux)
(./chapters/neural_models/neural_models.aux)
(./chapters/retinal_models/retinal_models.aux)
(./chapters/neuromorphic_hardware/neuromorphic_hardware.aux)
(./chapters/rank_ordered_images/rank_ordered_images.aux)
(./chapters/conclusions/conclusions.aux)) ) 
Here is how much of TeX's memory you used:
 506 strings out of 495034
 7366 string characters out of 6181678
 55928 words of memory out of 5000000
 3729 multiletter control sequences out of 15000+600000
 9107 words of font info for 32 fonts, out of 8000000 for 9000
 14 hyphenation exceptions out of 8191
 23i,7n,43p,234b,226s stack positions out of 5000i,500n,10000p,200000b,80000s
</usr/share/texlive/texmf-dist/fonts
/type1/public/amsfonts/cm/cmbx12.pfb></usr/share/texlive/texmf-dist/fonts/type1
/public/amsfonts/cm/cmr12.pfb></usr/share/texlive/texmf-dist/fonts/type1/public
/amsfonts/cm/cmr17.pfb>
Output written on end-of-year_report.pdf (16 pages, 49025 bytes).
PDF statistics:
 68 PDF objects out of 1000 (max. 8388607)
 46 compressed objects within 1 object stream
 0 named destinations out of 1000 (max. 500000)
 1 words of extra memory for PDF output out of 10000 (max. 10000000)

