\BOOKMARK [0][-]{chapter.1}{Introduction}{}% 1
\BOOKMARK [1][-]{section.1.1}{Vision}{chapter.1}% 2
\BOOKMARK [1][-]{section.1.2}{Eyes for computers}{chapter.1}% 3
\BOOKMARK [1][-]{section.1.3}{Common cameras as spike train sources}{chapter.1}% 4
\BOOKMARK [0][-]{chapter.2}{Look into the brain}{}% 5
\BOOKMARK [1][-]{section.2.1}{The brain}{chapter.2}% 6
\BOOKMARK [1][-]{section.2.2}{Neurons and responses}{chapter.2}% 7
\BOOKMARK [1][-]{section.2.3}{Different languages}{chapter.2}% 8
\BOOKMARK [1][-]{section.2.4}{Artificial neural networks}{chapter.2}% 9
\BOOKMARK [1][-]{section.2.5}{Conclusions}{chapter.2}% 10
\BOOKMARK [0][-]{chapter.3}{Neuromorphic trends}{}% 11
\BOOKMARK [1][-]{section.3.1}{Classical computing}{chapter.3}% 12
\BOOKMARK [1][-]{section.3.2}{Neuromorphic trends}{chapter.3}% 13
\BOOKMARK [1][-]{section.3.3}{SpiNNaker}{chapter.3}% 14
\BOOKMARK [1][-]{section.3.4}{Event-based model}{chapter.3}% 15
\BOOKMARK [1][-]{section.3.5}{Conclusions}{chapter.3}% 16
\BOOKMARK [0][-]{chapter.4}{The eye and the retina}{}% 17
\BOOKMARK [1][-]{section.4.1}{The eye and it's structure}{chapter.4}% 18
\BOOKMARK [1][-]{section.4.2}{Retinal models}{chapter.4}% 19
\BOOKMARK [1][-]{section.4.3}{Transmission and processing efficiency}{chapter.4}% 20
\BOOKMARK [1][-]{section.4.4}{Conclusions}{chapter.4}% 21
\BOOKMARK [0][-]{chapter.5}{From images to spikes}{}% 22
\BOOKMARK [1][-]{section.5.1}{Real-time encoding}{chapter.5}% 23
\BOOKMARK [1][-]{section.5.2}{SpiNNaker implementation}{chapter.5}% 24
\BOOKMARK [1][-]{section.5.3}{Dataset creation}{chapter.5}% 25
\BOOKMARK [1][-]{section.5.4}{Conclusions}{chapter.5}% 26
\BOOKMARK [0][-]{chapter.6}{Conclusions and plans}{}% 27
\BOOKMARK [1][-]{section.6.1}{Conclusion}{chapter.6}% 28
\BOOKMARK [1][-]{section.6.2}{Further work}{chapter.6}% 29
\BOOKMARK [1][-]{section.6.3}{Plans for second and third year}{chapter.6}% 30
