\BOOKMARK [0][-]{section*.1}{Contents}{}% 1
\BOOKMARK [0][-]{chapter.1}{Introduction}{}% 2
\BOOKMARK [1][-]{section.1.1}{Problem description}{chapter.1}% 3
\BOOKMARK [1][-]{section.1.2}{Objectives}{chapter.1}% 4
\BOOKMARK [1][-]{section.1.3}{Report structure}{chapter.1}% 5
\BOOKMARK [0][-]{chapter.2}{A [brief] look into the brain}{}% 6
\BOOKMARK [1][-]{section.2.1}{Neurons and responses}{chapter.2}% 7
\BOOKMARK [1][-]{section.2.2}{Different languages}{chapter.2}% 8
\BOOKMARK [1][-]{section.2.3}{Artificial neural networks}{chapter.2}% 9
\BOOKMARK [1][-]{section.2.4}{Conclusions}{chapter.2}% 10
\BOOKMARK [0][-]{chapter.3}{Vision}{}% 11
\BOOKMARK [1][-]{section.3.1}{The eye and the retina}{chapter.3}% 12
\BOOKMARK [1][-]{section.3.2}{The visual cortex}{chapter.3}% 13
\BOOKMARK [1][-]{section.3.3}{Conclusions}{chapter.3}% 14
\BOOKMARK [0][-]{chapter.4}{Neuromorphic hardware}{}% 15
\BOOKMARK [1][-]{section.4.1}{Classical computing}{chapter.4}% 16
\BOOKMARK [1][-]{section.4.2}{Neuromorphic trends}{chapter.4}% 17
\BOOKMARK [1][-]{section.4.3}{SpiNNaker}{chapter.4}% 18
\BOOKMARK [1][-]{section.4.4}{Event-based model}{chapter.4}% 19
\BOOKMARK [1][-]{section.4.5}{Conclusions}{chapter.4}% 20
\BOOKMARK [0][-]{chapter.5}{3D environment reconstruction}{}% 21
\BOOKMARK [1][-]{section.5.1}{Simultaneous localization and mapping}{chapter.5}% 22
\BOOKMARK [1][-]{section.5.2}{Visual cortex models}{chapter.5}% 23
\BOOKMARK [1][-]{section.5.3}{Conclusions}{chapter.5}% 24
\BOOKMARK [0][-]{chapter.6}{From video to spikes}{}% 25
\BOOKMARK [1][-]{section.6.1}{Real-time encoding}{chapter.6}% 26
\BOOKMARK [1][-]{section.6.2}{Dataset creation}{chapter.6}% 27
\BOOKMARK [1][-]{section.6.3}{Conclusions}{chapter.6}% 28
\BOOKMARK [0][-]{chapter.7}{Conclusions}{}% 29
\BOOKMARK [1][-]{section.7.1}{Conclusion}{chapter.7}% 30
\BOOKMARK [1][-]{section.7.2}{Further work}{chapter.7}% 31
\BOOKMARK [1][-]{section.7.3}{Plans for second and third year}{chapter.7}% 32
\BOOKMARK [0][-]{section*.15}{Bibliography}{}% 33
